#
# There is insufficient memory for the Java Runtime Environment to continue.
# Native memory allocation (malloc) failed to allocate 1841776 bytes for Chunk::new
# Possible reasons:
#   The system is out of physical RAM or swap space
#   In 32 bit mode, the process size limit was hit
# Possible solutions:
#   Reduce memory load on the system
#   Increase physical memory or swap space
#   Check if swap backing store is full
#   Use 64 bit Java on a 64 bit OS
#   Decrease Java heap size (-Xmx/-Xms)
#   Decrease number of Java threads
#   Decrease Java thread stack sizes (-Xss)
#   Set larger code cache with -XX:ReservedCodeCacheSize=
# This output file may be truncated or incomplete.
#
#  Out of Memory Error (allocation.cpp:390), pid=12932, tid=0x00000000000039e0
#
# JRE version: OpenJDK Runtime Environment (8.0_152-b01) (build 1.8.0_152-release-1248-b01)
# Java VM: OpenJDK 64-Bit Server VM (25.152-b01 mixed mode windows-amd64 compressed oops)
# Failed to write core dump. Minidumps are not enabled by default on client versions of Windows
#

---------------  T H R E A D  ---------------

Current thread (0x0000000016446000):  JavaThread "C2 CompilerThread1" daemon [_thread_in_native, id=14816, stack(0x0000000017b90000,0x0000000017c90000)]

Stack: [0x0000000017b90000,0x0000000017c90000]
[error occurred during error reporting (printing stack bounds), id 0xc0000005]

Native frames: (J=compiled Java code, j=interpreted, Vv=VM code, C=native code)


Current CompileTask:
C2: 542953 17857       4       org.gradle.api.internal.project.taskfactory.DefaultTaskClassValidatorExtractor::mergeDeclaredAnnotations (218 bytes)


---------------  P R O C E S S  ---------------

Java Threads: ( => current thread )
  0x0000000017fcb000 JavaThread "build operations Thread 4" [_thread_blocked, id=16292, stack(0x000000002c080000,0x000000002c180000)]
  0x0000000017fca800 JavaThread "build operations Thread 3" [_thread_blocked, id=16068, stack(0x000000002bf80000,0x000000002c080000)]
  0x0000000017fcc800 JavaThread "build operations Thread 2" [_thread_blocked, id=6824, stack(0x000000002be80000,0x000000002bf80000)]
  0x0000000017fc9800 JavaThread "build operations" [_thread_blocked, id=12692, stack(0x000000002bd80000,0x000000002be80000)]
  0x0000000017fc1800 JavaThread "Cache worker for Artifact transforms cache (C:\Users\santosh.patel\.gradle\caches\transforms-1)" [_thread_blocked, id=16368, stack(0x000000002bc80000,0x000000002bd80000)]
  0x0000000017fc8000 JavaThread "Cache worker for file hash cache (D:\flutter-hack19\flutter-chat-app\example\android\.gradle\4.4\fileHashes)" [_thread_blocked, id=13760, stack(0x000000002bb80000,0x000000002bc80000)]
  0x0000000017fc0800 JavaThread "Stdin handler" [_thread_blocked, id=16100, stack(0x000000002ba80000,0x000000002bb80000)]
  0x0000000017fc2000 JavaThread "Asynchronous log dispatcher for DefaultDaemonConnection: socket connection from /127.0.0.1:62005 to /127.0.0.1:63104" [_thread_blocked, id=464, stack(0x000000002b980000,0x000000002ba80000)]
  0x0000000017fc7800 JavaThread "Daemon worker Thread 2" [_thread_in_Java, id=4332, stack(0x000000002b880000,0x000000002b980000)]
  0x0000000017fc3000 JavaThread "Cancel handler" [_thread_blocked, id=6044, stack(0x000000002b780000,0x000000002b880000)]
  0x0000000017fc3800 JavaThread "Handler for socket connection from /127.0.0.1:62005 to /127.0.0.1:63104" [_thread_in_native, id=15660, stack(0x000000002b680000,0x000000002b780000)]
  0x0000000017fc0000 JavaThread "Daemon Thread 2" [_thread_blocked, id=12412, stack(0x000000002b580000,0x000000002b680000)]
  0x00000000188d9000 JavaThread "Memory manager" [_thread_blocked, id=12484, stack(0x0000000021370000,0x0000000021470000)]
  0x00000000194be000 JavaThread "File lock request listener" [_thread_in_native, id=15352, stack(0x000000001beb0000,0x000000001bfb0000)]
  0x000000001abf0800 JavaThread "Cache worker for file hash cache (C:\Users\santosh.patel\.gradle\caches\4.4\fileHashes)" [_thread_blocked, id=12264, stack(0x000000001bdb0000,0x000000001beb0000)]
  0x00000000192d6000 JavaThread "Daemon periodic checks" [_thread_blocked, id=9244, stack(0x000000001a2e0000,0x000000001a3e0000)]
  0x00000000192d4800 JavaThread "Incoming local TCP Connector on port 62005" [_thread_in_native, id=6140, stack(0x000000001a0a0000,0x000000001a1a0000)]
  0x0000000017db9800 JavaThread "Service Thread" daemon [_thread_blocked, id=10084, stack(0x0000000018190000,0x0000000018290000)]
  0x000000001644c800 JavaThread "C1 CompilerThread2" daemon [_thread_blocked, id=14508, stack(0x0000000017c90000,0x0000000017d90000)]
=>0x0000000016446000 JavaThread "C2 CompilerThread1" daemon [_thread_in_native, id=14816, stack(0x0000000017b90000,0x0000000017c90000)]
  0x000000001643f000 JavaThread "C2 CompilerThread0" daemon [_thread_in_native, id=8004, stack(0x0000000017a90000,0x0000000017b90000)]
  0x000000001643d000 JavaThread "Attach Listener" daemon [_thread_blocked, id=13748, stack(0x0000000017990000,0x0000000017a90000)]
  0x000000001643c000 JavaThread "Signal Dispatcher" daemon [_thread_blocked, id=3088, stack(0x0000000017890000,0x0000000017990000)]
  0x0000000002acd000 JavaThread "Finalizer" daemon [_thread_blocked, id=14212, stack(0x0000000017690000,0x0000000017790000)]
  0x0000000002ac2800 JavaThread "Reference Handler" daemon [_thread_blocked, id=2896, stack(0x0000000017590000,0x0000000017690000)]
  0x00000000029d2800 JavaThread "main" [_thread_blocked, id=12620, stack(0x0000000002860000,0x0000000002960000)]

Other Threads:
  0x0000000016407000 VMThread [stack: 0x0000000017490000,0x0000000017590000] [id=13852]
  0x0000000017dba000 WatcherThread [stack: 0x0000000018290000,0x0000000018390000] [id=6148]

VM state:not at safepoint (normal execution)

VM Mutex/Monitor currently owned by a thread: None

Heap:
 PSYoungGen      total 260608K, used 72742K [0x00000000e0000000, 0x00000000f8080000, 0x0000000100000000)
  eden space 220672K, 32% used [0x00000000e0000000,0x00000000e47098a0,0x00000000ed780000)
  from space 39936K, 0% used [0x00000000ed780000,0x00000000ed780000,0x00000000efe80000)
  to   space 71680K, 0% used [0x00000000f3a80000,0x00000000f3a80000,0x00000000f8080000)
 ParOldGen       total 457728K, used 253387K [0x00000000a0000000, 0x00000000bbf00000, 0x00000000e0000000)
  object space 457728K, 55% used [0x00000000a0000000,0x00000000af772ee0,0x00000000bbf00000)
 Metaspace       used 88303K, capacity 91956K, committed 92120K, reserved 1130496K
  class space    used 11106K, capacity 11922K, committed 11992K, reserved 1048576K

Card table byte_map: [0x0000000011e90000,0x00000000121a0000] byte_map_base: 0x0000000011990000

Marking Bits: (ParMarkBitMap*) 0x0000000066b95aa0
 Begin Bits: [0x00000000127a0000, 0x0000000013fa0000)
 End Bits:   [0x0000000013fa0000, 0x00000000157a0000)

Polling page: 0x0000000000b50000

CodeCache: size=245760Kb used=49301Kb max_used=49301Kb free=196458Kb
 bounds [0x0000000002ad0000, 0x0000000005b30000, 0x0000000011ad0000]
 total_blobs=15416 nmethods=14540 adapters=787
 compilation: enabled

Compilation events (10 events):
Event: 542.902 Thread 0x000000001644c800 17975       3       org.codehaus.groovy.runtime.typehandling.DefaultTypeTransformation::booleanUnbox (5 bytes)
Event: 542.903 Thread 0x000000001644c800 nmethod 17975 0x0000000005b190d0 code [0x0000000005b19240, 0x0000000005b193a8]
Event: 542.913 Thread 0x000000001644c800 17976       3       sun.reflect.MethodAccessorGenerator::generate (762 bytes)
Event: 542.923 Thread 0x000000001644c800 nmethod 17976 0x0000000005b19450 code [0x0000000005b1a2c0, 0x0000000005b22248]
Event: 542.929 Thread 0x000000001644c800 17977       3       sun.reflect.ClassFileAssembler::opc_aaload (11 bytes)
Event: 542.930 Thread 0x000000001644c800 nmethod 17977 0x0000000005b2c650 code [0x0000000005b2c7c0, 0x0000000005b2ca68]
Event: 542.930 Thread 0x000000001644c800 17978       2       org.codehaus.groovy.runtime.GroovyCategorySupport::getCategoryMethods (21 bytes)
Event: 542.931 Thread 0x000000001644c800 nmethod 17978 0x0000000005b2cbd0 code [0x0000000005b2cd60, 0x0000000005b2d018]
Event: 542.931 Thread 0x000000001644c800 17979       2       org.codehaus.groovy.runtime.GroovyCategorySupport$MyThreadLocal::getInfoNullable (24 bytes)
Event: 542.931 Thread 0x000000001644c800 nmethod 17979 0x0000000005b2d1d0 code [0x0000000005b2d340, 0x0000000005b2d5a8]

GC Heap History (10 events):
Event: 136.670 GC heap before
{Heap before GC invocations=28 (full 3):
 PSYoungGen      total 234496K, used 231033K [0x00000000e0000000, 0x00000000f0500000, 0x0000000100000000)
  eden space 207872K, 100% used [0x00000000e0000000,0x00000000ecb00000,0x00000000ecb00000)
  from space 26624K, 86% used [0x00000000ee800000,0x00000000efe9e5d8,0x00000000f0200000)
  to   space 29696K, 0% used [0x00000000ecb00000,0x00000000ecb00000,0x00000000ee800000)
 ParOldGen       total 146944K, used 36760K [0x00000000a0000000, 0x00000000a8f80000, 0x00000000e0000000)
  object space 146944K, 25% used [0x00000000a0000000,0x00000000a23e6100,0x00000000a8f80000)
 Metaspace       used 81156K, capacity 83986K, committed 84184K, reserved 1122304K
  class space    used 10266K, capacity 10931K, committed 10968K, reserved 1048576K
Event: 136.702 GC heap after
Heap after GC invocations=28 (full 3):
 PSYoungGen      total 237568K, used 29680K [0x00000000e0000000, 0x00000000f2100000, 0x0000000100000000)
  eden space 207872K, 0% used [0x00000000e0000000,0x00000000e0000000,0x00000000ecb00000)
  from space 29696K, 99% used [0x00000000ecb00000,0x00000000ee7fc0b8,0x00000000ee800000)
  to   space 35328K, 0% used [0x00000000efe80000,0x00000000efe80000,0x00000000f2100000)
 ParOldGen       total 146944K, used 37782K [0x00000000a0000000, 0x00000000a8f80000, 0x00000000e0000000)
  object space 146944K, 25% used [0x00000000a0000000,0x00000000a24e59c8,0x00000000a8f80000)
 Metaspace       used 81156K, capacity 83986K, committed 84184K, reserved 1122304K
  class space    used 10266K, capacity 10931K, committed 10968K, reserved 1048576K
}
Event: 139.300 GC heap before
{Heap before GC invocations=29 (full 3):
 PSYoungGen      total 237568K, used 237552K [0x00000000e0000000, 0x00000000f2100000, 0x0000000100000000)
  eden space 207872K, 100% used [0x00000000e0000000,0x00000000ecb00000,0x00000000ecb00000)
  from space 29696K, 99% used [0x00000000ecb00000,0x00000000ee7fc0b8,0x00000000ee800000)
  to   space 35328K, 0% used [0x00000000efe80000,0x00000000efe80000,0x00000000f2100000)
 ParOldGen       total 146944K, used 37782K [0x00000000a0000000, 0x00000000a8f80000, 0x00000000e0000000)
  object space 146944K, 25% used [0x00000000a0000000,0x00000000a24e59c8,0x00000000a8f80000)
 Metaspace       used 86111K, capacity 89562K, committed 89816K, reserved 1128448K
  class space    used 10859K, capacity 11627K, committed 11736K, reserved 1048576K
Event: 139.388 GC heap after
Heap after GC invocations=29 (full 3):
 PSYoungGen      total 256000K, used 31178K [0x00000000e0000000, 0x00000000f3500000, 0x0000000100000000)
  eden space 220672K, 0% used [0x00000000e0000000,0x00000000e0000000,0x00000000ed780000)
  from space 35328K, 88% used [0x00000000efe80000,0x00000000f1cf28a8,0x00000000f2100000)
  to   space 39936K, 0% used [0x00000000ed780000,0x00000000ed780000,0x00000000efe80000)
 ParOldGen       total 146944K, used 37790K [0x00000000a0000000, 0x00000000a8f80000, 0x00000000e0000000)
  object space 146944K, 25% used [0x00000000a0000000,0x00000000a24e79c8,0x00000000a8f80000)
 Metaspace       used 86111K, capacity 89562K, committed 89816K, reserved 1128448K
  class space    used 10859K, capacity 11627K, committed 11736K, reserved 1048576K
}
Event: 144.275 GC heap before
{Heap before GC invocations=30 (full 3):
 PSYoungGen      total 256000K, used 234703K [0x00000000e0000000, 0x00000000f3500000, 0x0000000100000000)
  eden space 220672K, 92% used [0x00000000e0000000,0x00000000ec6c14e0,0x00000000ed780000)
  from space 35328K, 88% used [0x00000000efe80000,0x00000000f1cf28a8,0x00000000f2100000)
  to   space 39936K, 0% used [0x00000000ed780000,0x00000000ed780000,0x00000000efe80000)
 ParOldGen       total 146944K, used 60504K [0x00000000a0000000, 0x00000000a8f80000, 0x00000000e0000000)
  object space 146944K, 41% used [0x00000000a0000000,0x00000000a3b16240,0x00000000a8f80000)
 Metaspace       used 87818K, capacity 91570K, committed 91864K, reserved 1128448K
  class space    used 11085K, capacity 11895K, committed 11992K, reserved 1048576K
Event: 144.328 GC heap after
Heap after GC invocations=30 (full 3):
 PSYoungGen      total 260608K, used 39911K [0x00000000e0000000, 0x00000000f8080000, 0x0000000100000000)
  eden space 220672K, 0% used [0x00000000e0000000,0x00000000e0000000,0x00000000ed780000)
  from space 39936K, 99% used [0x00000000ed780000,0x00000000efe79dd0,0x00000000efe80000)
  to   space 71680K, 0% used [0x00000000f3a80000,0x00000000f3a80000,0x00000000f8080000)
 ParOldGen       total 146944K, used 127903K [0x00000000a0000000, 0x00000000a8f80000, 0x00000000e0000000)
  object space 146944K, 87% used [0x00000000a0000000,0x00000000a7ce7ef0,0x00000000a8f80000)
 Metaspace       used 87818K, capacity 91570K, committed 91864K, reserved 1128448K
  class space    used 11085K, capacity 11895K, committed 11992K, reserved 1048576K
}
Event: 144.328 GC heap before
{Heap before GC invocations=31 (full 4):
 PSYoungGen      total 260608K, used 39911K [0x00000000e0000000, 0x00000000f8080000, 0x0000000100000000)
  eden space 220672K, 0% used [0x00000000e0000000,0x00000000e0000000,0x00000000ed780000)
  from space 39936K, 99% used [0x00000000ed780000,0x00000000efe79dd0,0x00000000efe80000)
  to   space 71680K, 0% used [0x00000000f3a80000,0x00000000f3a80000,0x00000000f8080000)
 ParOldGen       total 146944K, used 127903K [0x00000000a0000000, 0x00000000a8f80000, 0x00000000e0000000)
  object space 146944K, 87% used [0x00000000a0000000,0x00000000a7ce7ef0,0x00000000a8f80000)
 Metaspace       used 87818K, capacity 91570K, committed 91864K, reserved 1128448K
  class space    used 11085K, capacity 11895K, committed 11992K, reserved 1048576K
Event: 144.980 GC heap after
Heap after GC invocations=31 (full 4):
 PSYoungGen      total 260608K, used 20188K [0x00000000e0000000, 0x00000000f8080000, 0x0000000100000000)
  eden space 220672K, 0% used [0x00000000e0000000,0x00000000e0000000,0x00000000ed780000)
  from space 39936K, 50% used [0x00000000ed780000,0x00000000eeb37000,0x00000000efe80000)
  to   space 71680K, 0% used [0x00000000f3a80000,0x00000000f3a80000,0x00000000f8080000)
 ParOldGen       total 304128K, used 137079K [0x00000000a0000000, 0x00000000b2900000, 0x00000000e0000000)
  object space 304128K, 45% used [0x00000000a0000000,0x00000000a85ddcd0,0x00000000b2900000)
 Metaspace       used 87626K, capacity 91036K, committed 91864K, reserved 1128448K
  class space    used 11019K, capacity 11778K, committed 11992K, reserved 1048576K
}
Event: 148.168 GC heap before
{Heap before GC invocations=32 (full 5):
 PSYoungGen      total 260608K, used 240860K [0x00000000e0000000, 0x00000000f8080000, 0x0000000100000000)
  eden space 220672K, 100% used [0x00000000e0000000,0x00000000ed780000,0x00000000ed780000)
  from space 39936K, 50% used [0x00000000ed780000,0x00000000eeb37000,0x00000000efe80000)
  to   space 71680K, 0% used [0x00000000f3a80000,0x00000000f3a80000,0x00000000f8080000)
 ParOldGen       total 348160K, used 328119K [0x00000000a0000000, 0x00000000b5400000, 0x00000000e0000000)
  object space 348160K, 94% used [0x00000000a0000000,0x00000000b406ddc0,0x00000000b5400000)
 Metaspace       used 87660K, capacity 91112K, committed 91864K, reserved 1128448K
  class space    used 11036K, capacity 11780K, committed 11992K, reserved 1048576K
Event: 148.340 GC heap after
Heap after GC invocations=32 (full 5):
 PSYoungGen      total 260608K, used 0K [0x00000000e0000000, 0x00000000f8080000, 0x0000000100000000)
  eden space 220672K, 0% used [0x00000000e0000000,0x00000000e0000000,0x00000000ed780000)
  from space 39936K, 0% used [0x00000000ed780000,0x00000000ed780000,0x00000000efe80000)
  to   space 71680K, 0% used [0x00000000f3a80000,0x00000000f3a80000,0x00000000f8080000)
 ParOldGen       total 457728K, used 253387K [0x00000000a0000000, 0x00000000bbf00000, 0x00000000e0000000)
  object space 457728K, 55% used [0x00000000a0000000,0x00000000af772ee0,0x00000000bbf00000)
 Metaspace       used 87660K, capacity 91112K, committed 91864K, reserved 1128448K
  class space    used 11036K, capacity 11780K, committed 11992K, reserved 1048576K
}

Deoptimization events (10 events):
Event: 145.495 Thread 0x000000001bb9a800 Uncommon trap: reason=class_check action=maybe_recompile pc=0x0000000005abafac method=java.io.SequenceInputStream.read([BII)I @ 58
Event: 145.495 Thread 0x000000001bb9a800 Uncommon trap: reason=class_check action=maybe_recompile pc=0x0000000005abafac method=java.io.SequenceInputStream.read([BII)I @ 58
Event: 148.167 Thread 0x000000001bb9a800 Uncommon trap: reason=unstable_if action=reinterpret pc=0x00000000059f17fc method=java.nio.Bits.getInt(Ljava/nio/ByteBuffer;IZ)I @ 1
Event: 148.417 Thread 0x000000001bb9a800 Uncommon trap: reason=unstable_if action=reinterpret pc=0x00000000036e4c38 method=java.nio.HeapByteBuffer.put(Ljava/nio/ByteBuffer;)Ljava/nio/ByteBuffer; @ 4
Event: 183.135 Thread 0x00000000192d6000 Uncommon trap: reason=unstable_if action=reinterpret pc=0x00000000037c2afc method=java.io.ExpiringCache.entryFor(Ljava/lang/String;)Ljava/io/ExpiringCache$Entry; @ 39
Event: 183.136 Thread 0x00000000192d6000 Uncommon trap: reason=unstable_if action=reinterpret pc=0x0000000003d91ec8 method=java.io.ExpiringCache.entryFor(Ljava/lang/String;)Ljava/io/ExpiringCache$Entry; @ 39
Event: 541.898 Thread 0x0000000017fc7800 Uncommon trap: reason=bimorphic action=maybe_recompile pc=0x0000000005a97f14 method=com.google.common.collect.SortedIterables.comparator(Ljava/util/SortedSet;)Ljava/util/Comparator; @ 1
Event: 541.974 Thread 0x0000000017fc7800 Uncommon trap: reason=bimorphic action=maybe_recompile pc=0x0000000005a97f14 method=com.google.common.collect.SortedIterables.comparator(Ljava/util/SortedSet;)Ljava/util/Comparator; @ 1
Event: 541.974 Thread 0x0000000017fc7800 Uncommon trap: reason=bimorphic action=maybe_recompile pc=0x0000000005a97f14 method=com.google.common.collect.SortedIterables.comparator(Ljava/util/SortedSet;)Ljava/util/Comparator; @ 1
Event: 542.516 Thread 0x0000000017fc7800 Uncommon trap: reason=bimorphic action=maybe_recompile pc=0x0000000005a97f14 method=com.google.common.collect.SortedIterables.comparator(Ljava/util/SortedSet;)Ljava/util/Comparator; @ 1

Classes redefined (0 events):
No events

Internal exceptions (10 events):
Event: 542.875 Thread 0x0000000017fc7800 Exception <a 'sun/nio/fs/WindowsException'> (0x00000000e45c8748) thrown at [D:\src\AOSP-openjdk-cygwin\jdk8u\hotspot\src\share\vm\prims\jni.cpp, line 709]
Event: 542.875 Thread 0x0000000017fc7800 Exception <a 'sun/nio/fs/WindowsException'> (0x00000000e45ca018) thrown at [D:\src\AOSP-openjdk-cygwin\jdk8u\hotspot\src\share\vm\prims\jni.cpp, line 709]
Event: 542.875 Thread 0x0000000017fc7800 Exception <a 'sun/nio/fs/WindowsException'> (0x00000000e45cbe28) thrown at [D:\src\AOSP-openjdk-cygwin\jdk8u\hotspot\src\share\vm\prims\jni.cpp, line 709]
Event: 542.876 Thread 0x0000000017fc7800 Exception <a 'sun/nio/fs/WindowsException'> (0x00000000e45cd6f0) thrown at [D:\src\AOSP-openjdk-cygwin\jdk8u\hotspot\src\share\vm\prims\jni.cpp, line 709]
Event: 542.877 Thread 0x0000000017fc7800 Exception <a 'sun/nio/fs/WindowsException'> (0x00000000e45d6750) thrown at [D:\src\AOSP-openjdk-cygwin\jdk8u\hotspot\src\share\vm\prims\jni.cpp, line 709]
Event: 542.877 Thread 0x0000000017fc7800 Exception <a 'sun/nio/fs/WindowsException'> (0x00000000e45d8030) thrown at [D:\src\AOSP-openjdk-cygwin\jdk8u\hotspot\src\share\vm\prims\jni.cpp, line 709]
Event: 542.877 Thread 0x0000000017fc7800 Exception <a 'sun/nio/fs/WindowsException'> (0x00000000e45da870) thrown at [D:\src\AOSP-openjdk-cygwin\jdk8u\hotspot\src\share\vm\prims\jni.cpp, line 709]
Event: 542.877 Thread 0x0000000017fc7800 Exception <a 'sun/nio/fs/WindowsException'> (0x00000000e45dc140) thrown at [D:\src\AOSP-openjdk-cygwin\jdk8u\hotspot\src\share\vm\prims\jni.cpp, line 709]
Event: 542.878 Thread 0x0000000017fc7800 Exception <a 'sun/nio/fs/WindowsException'> (0x00000000e45ddf50) thrown at [D:\src\AOSP-openjdk-cygwin\jdk8u\hotspot\src\share\vm\prims\jni.cpp, line 709]
Event: 542.878 Thread 0x0000000017fc7800 Exception <a 'sun/nio/fs/WindowsException'> (0x00000000e45df818) thrown at [D:\src\AOSP-openjdk-cygwin\jdk8u\hotspot\src\share\vm\prims\jni.cpp, line 709]

Events (10 events):
Event: 542.684 Executing VM operation: RevokeBias
Event: 542.684 Executing VM operation: RevokeBias done
Event: 542.684 Executing VM operation: RevokeBias
Event: 542.684 Executing VM operation: RevokeBias done
Event: 542.684 Executing VM operation: RevokeBias
Event: 542.684 Executing VM operation: RevokeBias done
Event: 542.684 Executing VM operation: RevokeBias
Event: 542.684 Executing VM operation: RevokeBias done
Event: 542.684 Executing VM operation: RevokeBias
Event: 542.684 Executing VM operation: RevokeBias done


Dynamic libraries:
0x00007ff6450e0000 - 0x00007ff645111000 	C:\Program Files\Android\Android Studio\jre\bin\java.exe
0x00007ffddfa50000 - 0x00007ffddfc3d000 	C:\WINDOWS\SYSTEM32\ntdll.dll
0x00007ffddccf0000 - 0x00007ffddcda3000 	C:\WINDOWS\System32\KERNEL32.DLL
0x00007ffddbdf0000 - 0x00007ffddc083000 	C:\WINDOWS\System32\KERNELBASE.dll
0x00007ffddf5c0000 - 0x00007ffddf663000 	C:\WINDOWS\System32\ADVAPI32.dll
0x00007ffdded20000 - 0x00007ffddedbe000 	C:\WINDOWS\System32\msvcrt.dll
0x00007ffddcdb0000 - 0x00007ffddce4e000 	C:\WINDOWS\System32\sechost.dll
0x00007ffddedc0000 - 0x00007ffddeee2000 	C:\WINDOWS\System32\RPCRT4.dll
0x00007ffdde7f0000 - 0x00007ffdde987000 	C:\WINDOWS\System32\USER32.dll
0x00007ffddc2b0000 - 0x00007ffddc2d0000 	C:\WINDOWS\System32\win32u.dll
0x00007ffddf570000 - 0x00007ffddf599000 	C:\WINDOWS\System32\GDI32.dll
0x00007ffddbbc0000 - 0x00007ffddbd5a000 	C:\WINDOWS\System32\gdi32full.dll
0x00007ffddbb20000 - 0x00007ffddbbc0000 	C:\WINDOWS\System32\msvcp_win.dll
0x00007ffddc160000 - 0x00007ffddc25a000 	C:\WINDOWS\System32\ucrtbase.dll
0x00007ffdcc1f0000 - 0x00007ffdcc469000 	C:\WINDOWS\WinSxS\amd64_microsoft.windows.common-controls_6595b64144ccf1df_6.0.17763.503_none_05b23ef40721f4ae\COMCTL32.dll
0x00007ffddeef0000 - 0x00007ffddf21c000 	C:\WINDOWS\System32\combase.dll
0x00007ffddc4b0000 - 0x00007ffddc52e000 	C:\WINDOWS\System32\bcryptPrimitives.dll
0x00007ffddce50000 - 0x00007ffddce7e000 	C:\WINDOWS\System32\IMM32.DLL
0x0000000067340000 - 0x0000000067379000 	C:\PROGRA~2\Sophos\SOPHOS~1\SOPHOS~2.DLL
0x00007ffddcc80000 - 0x00007ffddcc88000 	C:\WINDOWS\System32\PSAPI.DLL
0x0000000066c20000 - 0x0000000066cf2000 	C:\Program Files\Android\Android Studio\jre\jre\bin\msvcr100.dll
0x00000000663d0000 - 0x0000000066c11000 	C:\Program Files\Android\Android Studio\jre\jre\bin\server\jvm.dll
0x00007ffdc7c70000 - 0x00007ffdc7c79000 	C:\WINDOWS\SYSTEM32\WSOCK32.dll
0x00007ffdd9820000 - 0x00007ffdd9844000 	C:\WINDOWS\SYSTEM32\WINMM.dll
0x00007ffdd0300000 - 0x00007ffdd030a000 	C:\WINDOWS\SYSTEM32\VERSION.dll
0x00007ffddf3d0000 - 0x00007ffddf43d000 	C:\WINDOWS\System32\WS2_32.dll
0x00007ffdd97f0000 - 0x00007ffdd981d000 	C:\WINDOWS\SYSTEM32\WINMMBASE.dll
0x00007ffddc260000 - 0x00007ffddc2aa000 	C:\WINDOWS\System32\cfgmgr32.dll
0x00007ffdcc750000 - 0x00007ffdcc75f000 	C:\Program Files\Android\Android Studio\jre\jre\bin\verify.dll
0x00007ffdca030000 - 0x00007ffdca059000 	C:\Program Files\Android\Android Studio\jre\jre\bin\java.dll
0x00007ffdcb6a0000 - 0x00007ffdcb6b6000 	C:\Program Files\Android\Android Studio\jre\jre\bin\zip.dll
0x00007ffddd300000 - 0x00007ffdde7f0000 	C:\WINDOWS\System32\SHELL32.dll
0x00007ffddf760000 - 0x00007ffddf808000 	C:\WINDOWS\System32\shcore.dll
0x00007ffddc530000 - 0x00007ffddcc7a000 	C:\WINDOWS\System32\windows.storage.dll
0x00007ffddba70000 - 0x00007ffddba94000 	C:\WINDOWS\System32\profapi.dll
0x00007ffddbac0000 - 0x00007ffddbb1d000 	C:\WINDOWS\System32\powrprof.dll
0x00007ffddf670000 - 0x00007ffddf6c2000 	C:\WINDOWS\System32\shlwapi.dll
0x00007ffddba50000 - 0x00007ffddba61000 	C:\WINDOWS\System32\kernel.appcore.dll
0x00007ffddc140000 - 0x00007ffddc157000 	C:\WINDOWS\System32\cryptsp.dll
0x00007ffdca560000 - 0x00007ffdca57a000 	C:\Program Files\Android\Android Studio\jre\jre\bin\net.dll
0x00007ffddb270000 - 0x00007ffddb2d7000 	C:\WINDOWS\system32\mswsock.dll
0x00007ffdca010000 - 0x00007ffdca021000 	C:\Program Files\Android\Android Studio\jre\jre\bin\nio.dll
0x00007ffdc9280000 - 0x00007ffdc929e000 	C:\Users\santosh.patel\.gradle\native\25\windows-amd64\native-platform.dll
0x00007ffdcc620000 - 0x00007ffdcc62d000 	C:\Program Files\Android\Android Studio\jre\jre\bin\management.dll
0x00007ffddae30000 - 0x00007ffddae63000 	C:\WINDOWS\system32\rsaenh.dll
0x00007ffddbd60000 - 0x00007ffddbd86000 	C:\WINDOWS\System32\bcrypt.dll
0x00007ffddb980000 - 0x00007ffddb9a8000 	C:\WINDOWS\SYSTEM32\USERENV.dll
0x00007ffddb440000 - 0x00007ffddb44c000 	C:\WINDOWS\SYSTEM32\CRYPTBASE.dll
0x00007ffddafd0000 - 0x00007ffddb00d000 	C:\WINDOWS\SYSTEM32\IPHLPAPI.DLL
0x00007ffddf6d0000 - 0x00007ffddf6d8000 	C:\WINDOWS\System32\NSI.dll
0x00007ffdd6650000 - 0x00007ffdd6666000 	C:\WINDOWS\SYSTEM32\dhcpcsvc6.DLL
0x00007ffdd63c0000 - 0x00007ffdd63dc000 	C:\WINDOWS\SYSTEM32\dhcpcsvc.DLL
0x00007ffddb010000 - 0x00007ffddb0d6000 	C:\WINDOWS\SYSTEM32\DNSAPI.dll
0x00007ffdcb6e0000 - 0x00007ffdcb704000 	C:\Program Files\Android\Android Studio\jre\jre\bin\sunec.dll
0x00007ffdce2e0000 - 0x00007ffdce2ea000 	C:\Windows\System32\rasadhlp.dll
0x00007ffdd7760000 - 0x00007ffdd77d9000 	C:\WINDOWS\System32\fwpuclnt.dll
0x00007ffdcc6a0000 - 0x00007ffdcc6ab000 	C:\Program Files\Android\Android Studio\jre\jre\bin\sunmscapi.dll
0x00007ffddc2d0000 - 0x00007ffddc4ab000 	C:\WINDOWS\System32\CRYPT32.dll
0x00007ffddbaa0000 - 0x00007ffddbab2000 	C:\WINDOWS\System32\MSASN1.dll
0x00007ffdd92b0000 - 0x00007ffdd933c000 	C:\WINDOWS\system32\apphelp.dll
0x00007ffddaab0000 - 0x00007ffddaae1000 	C:\WINDOWS\SYSTEM32\ntmarta.dll

VM Arguments:
jvm_args: -Xmx1536M -Dfile.encoding=windows-1252 -Duser.country=IN -Duser.language=en -Duser.variant 
java_command: org.gradle.launcher.daemon.bootstrap.GradleDaemon 4.4
java_class_path (initial): C:\Users\santosh.patel\.gradle\wrapper\dists\gradle-4.4-all\9br9xq1tocpiv8o6njlyu5op1\gradle-4.4\lib\gradle-launcher-4.4.jar
Launcher Type: SUN_STANDARD

Environment Variables:
JAVA_HOME=C:\Program Files\Android\Android Studio\jre
CLASSPATH=D:\flutter-hack19\flutter-chat-app\example\android\\gradle\wrapper\gradle-wrapper.jar
PATH=C:\Program Files\Git\mingw64\bin;C:\Program Files\Git\usr\bin;C:\Users\santosh.patel\bin;C:\Program Files (x86)\Common Files\Oracle\Java\javapath;C:\ProgramData\Oracle\Java\javapath;C:\WINDOWS\system32;C:\WINDOWS;C:\WINDOWS\System32\Wbem;C:\WINDOWS\System32\WindowsPowerShell\v1.0;C:\Program Files\TortoiseSVN\bin;C:\Program Files (x86)\Skype\Phone;C:\Program Files\Git\cmd;C:\Program Files\MongoDB\Server\3.6\bin;C:\Program Files (x86)\Windows Kits\8.1\Windows Performance Toolkit;C:\Program Files\TortoiseGit\bin;C:\WINDOWS\System32\OpenSSH;D:\Maven\apache-maven-3.5.4-bin\apache-maven-3.5.4\bin;C:\Program Files\Java\jdk1.8.0_121\bin;C:\Program Files\Microsoft VS Code\bin;C:\Program Files\nodejs;D:\flutter\bin;C:\Users\santosh.patel\AppData\Local\Programs\Python\Python36\Scripts;C:\Users\santosh.patel\AppData\Local\Programs\Python\Python36;C:\Users\santosh.patel\AppData\Local\Microsoft\WindowsApps;C:\Program Files (x86)\Sophos\Sophos SSL VPN Client\bin;C:\Program Files\MongoDB\Server\3.6\bin;C:\Users\santosh.patel\AppData\Local\GitHubDesktop\bin;C:\Users\santosh.patel\AppData\Local\Microsoft\WindowsApps;C:\Program Files\Java\jdk1.8.0_121\bin;D:\Maven\apache-maven-3.5.4-bin\apache-maven-3.5.4\bin;C:\Users\santosh.patel\AppData\Local\Programs\Microsoft VS Code\bin;C:\Users\santosh.patel\AppData\Roaming\npm;D:\flutter\bin
USERNAME=santosh.patel
OS=Windows_NT
PROCESSOR_IDENTIFIER=Intel64 Family 6 Model 142 Stepping 9, GenuineIntel



---------------  S Y S T E M  ---------------

OS: Windows 10.0 , 64 bit Build 17763 (10.0.17763.475)

CPU:total 4 (initial active 4) (2 cores per cpu, 2 threads per core) family 6 model 142 stepping 9, cmov, cx8, fxsr, mmx, sse, sse2, sse3, ssse3, sse4.1, sse4.2, popcnt, avx, avx2, aes, clmul, erms, 3dnowpref, lzcnt, ht, tsc, tscinvbit, bmi1, bmi2, adx

Memory: 4k page, physical 8017660k(540228k free), swap 24231572k(6040k free)

vm_info: OpenJDK 64-Bit Server VM (25.152-b01) for windows-amd64 JRE (1.8.0_152-release-1248-b01), built by "builder" with MS VC++ 10.0 (VS2010)

time: Sat Jun 01 11:41:53 2019
elapsed time: 542 seconds (0d 0h 9m 2s)

