Flutter crash report; please file at https://github.com/flutter/flutter/issues.

## command

flutter run

## exception

ProcessException: ProcessException: Process "D:\flutter-hack19\flutter-chat-app\example\android\gradlew.bat" exited abnormally:
Error occurred during initialization of VM
Could not reserve enough space for object heap
  Command: D:\flutter-hack19\flutter-chat-app\example\android\gradlew.bat -v

```
#0      runCheckedAsync (package:flutter_tools/src/base/process.dart:255:5)
<asynchronous suspension>
#1      _initializeGradle (package:flutter_tools/src/android/gradle.dart:225:9)
<asynchronous suspension>
#2      _ensureGradle (package:flutter_tools/src/android/gradle.dart:206:37)
<asynchronous suspension>
#3      _readGradleProject (package:flutter_tools/src/android/gradle.dart:134:31)
<asynchronous suspension>
#4      _gradleProject (package:flutter_tools/src/android/gradle.dart:111:34)
<asynchronous suspension>
#5      getGradleAppOut (package:flutter_tools/src/android/gradle.dart:105:29)
<asynchronous suspension>
#6      AndroidApk.fromAndroidProject (package:flutter_tools/src/application_package.dart:154:23)
<asynchronous suspension>
#7      ApplicationPackageFactory.getPackageForPlatform (package:flutter_tools/src/application_package.dart:46:32)
<asynchronous suspension>
#8      FlutterDevice.runHot (package:flutter_tools/src/resident_runner.dart:345:56)
<asynchronous suspension>
#9      HotRunner.run (package:flutter_tools/src/run_hot.dart:253:39)
<asynchronous suspension>
#10     RunCommand.runCommand (package:flutter_tools/src/commands/run.dart:428:37)
<asynchronous suspension>
#11     FlutterCommand.verifyThenRunCommand (package:flutter_tools/src/runner/flutter_command.dart:559:18)
#12     _asyncThenWrapperHelper.<anonymous closure> (dart:async-patch/async_patch.dart:77:64)
#13     _rootRunUnary (dart:async/zone.dart:1132:38)
#14     _CustomZone.runUnary (dart:async/zone.dart:1029:19)
#15     _FutureListener.handleValue (dart:async/future_impl.dart:126:18)
#16     Future._propagateToListeners.handleValueCallback (dart:async/future_impl.dart:639:45)
#17     Future._propagateToListeners (dart:async/future_impl.dart:668:32)
#18     Future._complete (dart:async/future_impl.dart:473:7)
#19     _SyncCompleter.complete (dart:async/future_impl.dart:51:12)
#20     _AsyncAwaitCompleter.complete (dart:async-patch/async_patch.dart:28:18)
#21     _completeOnAsyncReturn (dart:async-patch/async_patch.dart:294:13)
#22     RunCommand.usageValues (package:flutter_tools/src/commands/run.dart)
#23     _asyncThenWrapperHelper.<anonymous closure> (dart:async-patch/async_patch.dart:77:64)
#24     _rootRunUnary (dart:async/zone.dart:1132:38)
#25     _CustomZone.runUnary (dart:async/zone.dart:1029:19)
#26     _FutureListener.handleValue (dart:async/future_impl.dart:126:18)
#27     Future._propagateToListeners.handleValueCallback (dart:async/future_impl.dart:639:45)
#28     Future._propagateToListeners (dart:async/future_impl.dart:668:32)
#29     Future._complete (dart:async/future_impl.dart:473:7)
#30     _SyncCompleter.complete (dart:async/future_impl.dart:51:12)
#31     _AsyncAwaitCompleter.complete.<anonymous closure> (dart:async-patch/async_patch.dart:33:20)
#32     _rootRun (dart:async/zone.dart:1124:13)
#33     _CustomZone.run (dart:async/zone.dart:1021:19)
#34     _CustomZone.bindCallback.<anonymous closure> (dart:async/zone.dart:947:23)
#35     _microtaskLoop (dart:async/schedule_microtask.dart:41:21)
#36     _startMicrotaskLoop (dart:async/schedule_microtask.dart:50:5)
#37     _runPendingImmediateCallback (dart:isolate-patch/isolate_patch.dart:115:13)
#38     _RawReceivePortImpl._handleMessage (dart:isolate-patch/isolate_patch.dart:172:5)
```

## flutter doctor

```
[32m[✓][39m Flutter (Channel stable, v1.5.4-hotfix.2, on Microsoft Windows [Version 10.0.17763.503], locale en-IN)
    [32m•[39m Flutter version 1.5.4-hotfix.2 at D:\flutter
    [32m•[39m Framework revision 7a4c33425d (5 weeks ago), 2019-04-29 11:05:24 -0700
    [32m•[39m Engine revision 52c7a1e849
    [32m•[39m Dart version 2.3.0 (build 2.3.0-dev.0.5 a1668566e5)

[33m[!][39m Android toolchain - develop for Android devices (Android SDK version 28.0.3)
    [32m•[39m Android SDK at C:\Users\santosh.patel\AppData\Local\Android\sdk
    [32m•[39m Android NDK location not configured (optional; useful for native profiling support)
    [32m•[39m Platform android-28, build-tools 28.0.3
    [32m•[39m Java binary at: C:\Program Files\Java\jdk1.8.0_121\bin\java
    [31m✗[39m Could not determine java version

[33m[!][39m Android Studio (version 3.3)
    [32m•[39m Android Studio at C:\Program Files\Android\Android Studio
    [32m•[39m Flutter plugin version 34.0.1
    [32m•[39m Dart plugin version 182.5215
    [31m✗[39m Unable to determine bundled Java version.
    [32m•[39m Try updating or re-installing Android Studio.

[32m[✓][39m VS Code (version 1.34.0)
    [32m•[39m VS Code at C:\Users\santosh.patel\AppData\Local\Programs\Microsoft VS Code
    [32m•[39m Flutter extension version 3.1.0

[32m[✓][39m VS Code, 64-bit edition (version 1.26.1)
    [32m•[39m VS Code at C:\Program Files\Microsoft VS Code
    [32m•[39m Flutter extension version 3.1.0

[32m[✓][39m Connected device (1 available)
    [32m•[39m Android SDK built for x86 • emulator-5554 • android-x86 • Android 9 (API 28) (emulator)

[33m![39m Doctor found issues in 2 categories.
```
